<?xml version="1.0" encoding="UTF-8"?>
<!-- Generated by org.testng.reporters.JUnitReportReporter -->
<testsuite hostname="gings" failures="0" tests="1" name="test_class.PutTc1" time="0.923" errors="0" timestamp="2023-04-04T21:31:02 IST" skipped="0">
  <testcase classname="test_class.PutTc1" name="orchestrator" time="0.923"/>
  <system-out/>
</testsuite> <!-- test_class.PutTc1 -->
