<?xml version="1.0" encoding="UTF-8"?>
<!-- Generated by org.testng.reporters.JUnitReportReporter -->
<testsuite hostname="gings" failures="0" tests="1" name="driver_classes.Driver_Class" time="9.872" errors="0" timestamp="2023-04-03T20:37:29 IST" skipped="0">
  <testcase classname="driver_classes.Driver_Class" name="DD" time="9.872"/>
  <system-out/>
</testsuite> <!-- driver_classes.Driver_Class -->
