<?xml version="1.0" encoding="UTF-8"?>
<!-- Generated by org.testng.reporters.JUnitReportReporter -->
<testsuite hostname="gings" failures="0" tests="1" name="test_class.GetTc1" time="2.936" errors="0" timestamp="2023-04-04T21:31:02 IST" skipped="0">
  <testcase classname="test_class.GetTc1" name="orchestrator" time="2.936"/>
  <system-out/>
</testsuite> <!-- test_class.GetTc1 -->
